<?xml version="1.0" encoding="UTF-8"?>
<!-- Generated by org.testng.reporters.JUnitReportReporter -->
<testsuite hostname="HP" failures="0" tests="1" name="Tests.LoginTest" time="6.920" errors="0" timestamp="2025-08-20T14:53:08 IST" skipped="0">
  <testcase classname="Tests.LoginTest" name="verifyValidLogin" time="6.920"/>
</testsuite> <!-- Tests.LoginTest -->
