<?xml version="1.0" encoding="UTF-8"?>
<!-- Generated by org.testng.reporters.JUnitReportReporter -->
<testsuite hostname="HP" failures="0" tests="1" name="DatePicker_and_Iframes.Date_Picker" time="6.690" errors="0" timestamp="2025-08-20T17:30:02 IST" skipped="0">
  <testcase classname="DatePicker_and_Iframes.Date_Picker" name="DatePickerTest" time="6.690"/>
</testsuite> <!-- DatePicker_and_Iframes.Date_Picker -->
