<?xml version="1.0" encoding="UTF-8"?>
<!-- Generated by org.testng.reporters.JUnitReportReporter -->
<testsuite hostname="HP" failures="0" tests="3" name="Practice_Topics.SmokeTesting" time="38.891" errors="0" timestamp="2025-08-22T17:58:22 IST" skipped="0">
  <testcase classname="Practice_Topics.SmokeTesting" name="verifyProfilePageLoads" time="7.099"/>
  <testcase classname="Practice_Topics.SmokeTesting" name="verifyHomePageLoads" time="10.316"/>
  <testcase classname="Practice_Topics.SmokeTesting" name="verifyLoginPageLoads" time="21.476"/>
</testsuite> <!-- Practice_Topics.SmokeTesting -->
