<?xml version="1.0" encoding="UTF-8"?>
<!-- Generated by org.testng.reporters.JUnitReportReporter -->
<testsuite hostname="HP" failures="0" tests="1" name="Parameters.ParametersExample2" time="8.154" errors="0" timestamp="2025-08-22T15:13:15 IST" skipped="0">
  <testcase classname="Parameters.ParametersExample2" name="loginTest" time="8.154"/>
</testsuite> <!-- Parameters.ParametersExample2 -->
