<?xml version="1.0" encoding="UTF-8"?>
<!-- Generated by org.testng.reporters.JUnitReportReporter -->
<testsuite hostname="HP" failures="0" tests="1" name="Parameters.ParameterExample" time="12.280" errors="0" timestamp="2025-08-22T15:11:13 IST" skipped="0">
  <testcase classname="Parameters.ParameterExample" name="loginTest" time="12.280"/>
</testsuite> <!-- Parameters.ParameterExample -->
