<?xml version="1.0" encoding="UTF-8"?>
<!-- Generated by org.testng.reporters.JUnitReportReporter -->
<testsuite hostname="HP" failures="0" tests="1" name="Singleton.Singleton_Test" time="0.336" errors="0" timestamp="2025-08-20T14:52:29 IST" skipped="0">
  <testcase classname="Singleton.Singleton_Test" name="testDown" time="0.336"/>
</testsuite> <!-- Singleton.Singleton_Test -->
