<?xml version="1.0" encoding="UTF-8"?>
<!-- Generated by org.testng.reporters.JUnitReportReporter -->
<testsuite hostname="HP" failures="0" tests="1" name="Handling_Different_Controllers.SelectBoxTest" time="0.164" errors="0" timestamp="2025-08-19T16:47:58 IST" skipped="0">
  <testcase classname="Handling_Different_Controllers.SelectBoxTest" name="testSelectBox" time="0.164"/>
</testsuite> <!-- Handling_Different_Controllers.SelectBoxTest -->
