<?xml version="1.0" encoding="UTF-8"?>
<!-- Generated by org.testng.reporters.JUnitReportReporter -->
<testsuite hostname="HP" failures="0" tests="1" name="Handling_Different_Controllers.InputBoxTest" time="0.197" errors="0" timestamp="2025-08-19T16:39:59 IST" skipped="0">
  <testcase classname="Handling_Different_Controllers.InputBoxTest" name="testInputBox" time="0.197"/>
</testsuite> <!-- Handling_Different_Controllers.InputBoxTest -->
