<?xml version="1.0" encoding="UTF-8"?>
<!-- Generated by org.testng.reporters.JUnitReportReporter -->
<testsuite hostname="HP" failures="0" tests="6" name="Parallel_Excuetion.NopCommerceParallelExceution" time="27.046" errors="0" timestamp="2025-08-18T11:52:37 IST" skipped="0">
  <testcase classname="Parallel_Excuetion.NopCommerceParallelExceution" name="signUpNowComerce" time="4.437"/>
  <testcase classname="Parallel_Excuetion.NopCommerceParallelExceution" name="signUpNowComerce" time="2.593"/>
  <testcase classname="Parallel_Excuetion.NopCommerceParallelExceution" name="signUpNowComerce" time="4.437"/>
  <testcase classname="Parallel_Excuetion.NopCommerceParallelExceution" name="loginToNopCommerce" time="5.528"/>
  <testcase classname="Parallel_Excuetion.NopCommerceParallelExceution" name="loginToNopCommerce" time="5.786"/>
  <testcase classname="Parallel_Excuetion.NopCommerceParallelExceution" name="loginToNopCommerce" time="4.265"/>
</testsuite> <!-- Parallel_Excuetion.NopCommerceParallelExceution -->
