<?xml version="1.0" encoding="UTF-8"?>
<!-- Generated by org.testng.reporters.JUnitReportReporter -->
<testsuite hostname="HP" failures="0" tests="1" name="Handling_Multiple_Elements.DatePicker" time="4.026" errors="0" timestamp="2025-08-16T16:16:06 IST" skipped="0">
  <testcase classname="Handling_Multiple_Elements.DatePicker" name="handleDatePickerTest" time="4.026"/>
</testsuite> <!-- Handling_Multiple_Elements.DatePicker -->
