<?xml version="1.0" encoding="UTF-8"?>
<!-- Generated by org.testng.reporters.JUnitReportReporter -->
<testsuite hostname="HP" failures="0" tests="3" name="Data_Provider_.Dataprovider_2D_array" time="0.010" errors="0" timestamp="2025-08-16T15:26:58 IST" skipped="0">
  <testcase classname="Data_Provider_.Dataprovider_2D_array" name="loginTest" time="0.000"/>
  <testcase classname="Data_Provider_.Dataprovider_2D_array" name="loginTest" time="0.001"/>
  <testcase classname="Data_Provider_.Dataprovider_2D_array" name="loginTest" time="0.009"/>
</testsuite> <!-- Data_Provider_.Dataprovider_2D_array -->
