<?xml version="1.0" encoding="UTF-8"?>
<!-- Generated by org.testng.reporters.JUnitReportReporter -->
<testsuite hostname="HP" failures="0" tests="4" name="Test_NG04.DemoShop_Task" time="8.597" errors="0" timestamp="2025-08-15T00:12:01 IST" skipped="1">
  <testcase classname="Test_NG04.DemoShop_Task" name="registerTest" time="4.804"/>
  <testcase classname="Test_NG04.DemoShop_Task" name="loginTest" time="2.249"/>
  <testcase classname="Test_NG04.DemoShop_Task" name="searchProduct" time="1.544"/>
  <testcase classname="Test_NG04.DemoShop_Task" name="wishlistTest">
    <skipped/>
  </testcase> <!-- wishlistTest -->
</testsuite> <!-- Test_NG04.DemoShop_Task -->
