<?xml version="1.0" encoding="UTF-8"?>
<!-- Generated by org.testng.reporters.JUnitReportReporter -->
<testsuite hostname="HP" failures="0" tests="3" name="Test_NG05.Multiple_Groups" time="28.992" errors="0" timestamp="2025-08-16T12:19:54 IST" skipped="0">
  <testcase classname="Test_NG05.Multiple_Groups" name="verifyHomePageLoads" time="11.345"/>
  <testcase classname="Test_NG05.Multiple_Groups" name="verifyLoginPageLoads" time="9.560"/>
  <testcase classname="Test_NG05.Multiple_Groups" name="verifyProfilePageLoads" time="8.087"/>
</testsuite> <!-- Test_NG05.Multiple_Groups -->
