<?xml version="1.0" encoding="UTF-8"?>
<!-- Generated by org.testng.reporters.JUnitReportReporter -->
<testsuite hostname="HP" failures="0" tests="2" name="Test_NG05.Data_Provider" time="28.681" errors="0" timestamp="2025-08-16T12:03:40 IST" skipped="0">
  <testcase classname="Test_NG05.Data_Provider" name="logIn" time="19.066"/>
  <testcase classname="Test_NG05.Data_Provider" name="logIn" time="9.615"/>
</testsuite> <!-- Test_NG05.Data_Provider -->
