<?xml version="1.0" encoding="UTF-8"?>
<!-- Generated by org.testng.reporters.JUnitReportReporter -->
<testsuite hostname="HP" failures="0" tests="1" name="Handling_Multiple_Elements.MultipleWindows" time="6.543" errors="0" timestamp="2025-08-16T16:17:45 IST" skipped="0">
  <testcase classname="Handling_Multiple_Elements.MultipleWindows" name="handleMultipleWindowsTest" time="6.543"/>
</testsuite> <!-- Handling_Multiple_Elements.MultipleWindows -->
