<?xml version="1.0" encoding="UTF-8"?>
<!-- Generated by org.testng.reporters.JUnitReportReporter -->
<testsuite hostname="HP" failures="0" tests="3" name="Data_Provider_.DataProvider_With_Loop" time="0.011" errors="0" timestamp="2025-08-16T15:32:37 IST" skipped="0">
  <testcase classname="Data_Provider_.DataProvider_With_Loop" name="loginTest" time="0.001"/>
  <testcase classname="Data_Provider_.DataProvider_With_Loop" name="loginTest" time="0.002"/>
  <testcase classname="Data_Provider_.DataProvider_With_Loop" name="loginTest" time="0.008"/>
</testsuite> <!-- Data_Provider_.DataProvider_With_Loop -->
