<?xml version="1.0" encoding="UTF-8"?>
<!-- Generated by org.testng.reporters.JUnitReportReporter -->
<testsuite hostname="HP" failures="0" tests="3" name="Test_NG05.IgonreTestCases" time="38.251" errors="0" timestamp="2025-08-16T12:04:26 IST" skipped="2">
  <testcase classname="Test_NG05.IgonreTestCases" name="searchProducts" time="38.251"/>
  <testcase classname="Test_NG05.IgonreTestCases" name="RegisterPage">
    <skipped/>
  </testcase> <!-- RegisterPage -->
  <testcase classname="Test_NG05.IgonreTestCases" name="LoginPage">
    <skipped/>
  </testcase> <!-- LoginPage -->
</testsuite> <!-- Test_NG05.IgonreTestCases -->
