<?xml version="1.0" encoding="UTF-8"?>
<!-- Generated by org.testng.reporters.JUnitReportReporter -->
<testsuite hostname="HP" failures="0" tests="6" name="Test_NG05.Grouping_Test_Cases" time="0.010" errors="0" timestamp="2025-08-16T12:19:54 IST" skipped="0">
  <testcase classname="Test_NG05.Grouping_Test_Cases" name="Test2" time="0.001"/>
  <testcase classname="Test_NG05.Grouping_Test_Cases" name="Test3" time="0.001"/>
  <testcase classname="Test_NG05.Grouping_Test_Cases" name="Test4" time="0.001"/>
  <testcase classname="Test_NG05.Grouping_Test_Cases" name="Test6" time="0.001"/>
  <testcase classname="Test_NG05.Grouping_Test_Cases" name="Test1" time="0.005"/>
  <testcase classname="Test_NG05.Grouping_Test_Cases" name="Test5" time="0.001"/>
</testsuite> <!-- Test_NG05.Grouping_Test_Cases -->
