<?xml version="1.0" encoding="UTF-8"?>
<!-- Generated by org.testng.reporters.JUnitReportReporter -->
<testsuite hostname="HP" failures="0" tests="1" name="Handling_Multiple_Elements.AlertBox" time="4.934" errors="0" timestamp="2025-08-16T16:14:48 IST" skipped="0">
  <testcase classname="Handling_Multiple_Elements.AlertBox" name="handleAlertTest" time="4.934"/>
</testsuite> <!-- Handling_Multiple_Elements.AlertBox -->
