<?xml version="1.0" encoding="UTF-8"?>
<!-- Generated by org.testng.reporters.JUnitReportReporter -->
<testsuite hostname="HP" failures="0" tests="4" name="DataProviderClass.SauceDemoLoginTest" time="31.878" errors="0" timestamp="2025-08-18T11:26:55 IST" skipped="0">
  <testcase classname="DataProviderClass.SauceDemoLoginTest" name="loginTest" time="5.583"/>
  <testcase classname="DataProviderClass.SauceDemoLoginTest" name="loginTest" time="5.962"/>
  <testcase classname="DataProviderClass.SauceDemoLoginTest" name="loginTest" time="14.993"/>
  <testcase classname="DataProviderClass.SauceDemoLoginTest" name="loginTest" time="5.340"/>
</testsuite> <!-- DataProviderClass.SauceDemoLoginTest -->
