<?xml version="1.0" encoding="UTF-8"?>
<!-- Generated by org.testng.reporters.JUnitReportReporter -->
<testsuite hostname="HP" failures="0" tests="2" name="runner.TestRunner1" time="12.529" errors="0" timestamp="2025-08-21T10:50:14 IST" skipped="0">
  <testcase classname="runner.TestRunner1" name="runScenario" time="7.026"/>
  <testcase classname="runner.TestRunner1" name="runScenario" time="5.503"/>
</testsuite> <!-- runner.TestRunner1 -->
