<?xml version="1.0" encoding="UTF-8"?>
<!-- Generated by org.testng.reporters.JUnitReportReporter -->
<testsuite hostname="HP" failures="0" tests="2" name="runner.TestRunner1" time="15.136" errors="0" timestamp="2025-09-08T09:17:50 IST" skipped="0">
  <testcase classname="runner.TestRunner1" name="runScenario" time="7.879"/>
  <testcase classname="runner.TestRunner1" name="runScenario" time="7.257"/>
</testsuite> <!-- runner.TestRunner1 -->
