<?xml version="1.0" encoding="UTF-8"?>
<!-- Generated by org.testng.reporters.JUnitReportReporter -->
<testsuite hostname="HP" failures="0" tests="2" name="runner.TestRunner" time="14.861" errors="0" timestamp="2025-08-20T17:27:52 IST" skipped="0">
  <testcase classname="runner.TestRunner" name="runScenario" time="9.233"/>
  <testcase classname="runner.TestRunner" name="runScenario" time="5.628"/>
</testsuite> <!-- runner.TestRunner -->
