<?xml version="1.0" encoding="UTF-8"?>
<!-- Generated by org.testng.reporters.JUnitReportReporter -->
<testsuite hostname="HP" failures="0" tests="2" name="Test_NG03.TutorialsNinja_Test" time="4.427" errors="0" timestamp="2025-08-14T15:12:49 IST" skipped="0">
  <testcase classname="Test_NG03.TutorialsNinja_Test" name="registerAccount" time="2.958"/>
  <testcase classname="Test_NG03.TutorialsNinja_Test" name="loginAccount" time="1.469"/>
</testsuite> <!-- Test_NG03.TutorialsNinja_Test -->
