<?xml version="1.0" encoding="UTF-8"?>
<!-- Generated by org.testng.reporters.JUnitReportReporter -->
<testsuite hostname="HP" failures="0" tests="2" name="Test_NG01.Annotations" time="4.779" errors="0" timestamp="2025-08-13T16:15:06 IST" skipped="0">
  <testcase classname="Test_NG01.Annotations" name="verifypage" time="2.404"/>
  <testcase classname="Test_NG01.Annotations" name="LoginTest" time="2.375"/>
</testsuite> <!-- Test_NG01.Annotations -->
